#
# There is insufficient memory for the Java Runtime Environment to continue.
# Native memory allocation (malloc) failed to allocate 328336 bytes for Chunk::new
# Possible reasons:
#   The system is out of physical RAM or swap space
#   The process is running with CompressedOops enabled, and the Java Heap may be blocking the growth of the native heap
# Possible solutions:
#   Reduce memory load on the system
#   Increase physical memory or swap space
#   Check if swap backing store is full
#   Decrease Java heap size (-Xmx/-Xms)
#   Decrease number of Java threads
#   Decrease Java thread stack sizes (-Xss)
#   Set larger code cache with -XX:ReservedCodeCacheSize=
#   JVM is running with Unscaled Compressed Oops mode in which the Java heap is
#     placed in the first 4GB address space. The Java Heap base address is the
#     maximum limit for the native heap growth. Please use -XX:HeapBaseMinAddress
#     to set the Java Heap base and to place the Java Heap above 4GB virtual address.
# This output file may be truncated or incomplete.
#
#  Out of Memory Error (allocation.cpp:389), pid=2420, tid=0x0000000000004d28
#
# JRE version: Java(TM) SE Runtime Environment (8.0_202-b08) (build 1.8.0_202-b08)
# Java VM: Java HotSpot(TM) 64-Bit Server VM (25.202-b08 mixed mode windows-amd64 compressed oops)
# Failed to write core dump. Minidumps are not enabled by default on client versions of Windows
#

---------------  T H R E A D  ---------------

Current thread (0x00000000149db000):  JavaThread "C2 CompilerThread1" daemon [_thread_in_native, id=19752, stack(0x0000000016150000,0x0000000016250000)]

Stack: [0x0000000016150000,0x0000000016250000]
[error occurred during error reporting (printing stack bounds), id 0xc0000005]

Native frames: (J=compiled Java code, j=interpreted, Vv=VM code, C=native code)


Current CompileTask:
C2:   4751  970   !   4       sun.misc.URLClassPath$JarLoader::getResource (85 bytes)


---------------  P R O C E S S  ---------------

Java Threads: ( => current thread )
  0x0000000016e30000 JavaThread "Abandoned connection cleanup thread" daemon [_thread_blocked, id=7260, stack(0x0000000018b50000,0x0000000018c50000)]
  0x00000000023fe000 JavaThread "DestroyJavaVM" [_thread_blocked, id=18156, stack(0x0000000002120000,0x0000000002220000)]
  0x0000000016ba7000 JavaThread "AWT-EventQueue-0" [_thread_in_vm, id=13464, stack(0x0000000018850000,0x0000000018950000)]
  0x0000000016aed000 JavaThread "AWT-Windows" daemon [_thread_in_native, id=19636, stack(0x00000000174c0000,0x00000000175c0000)]
  0x0000000016ae9800 JavaThread "AWT-Shutdown" [_thread_blocked, id=11020, stack(0x00000000173c0000,0x00000000174c0000)]
  0x0000000016b50800 JavaThread "Java2D Disposer" daemon [_thread_blocked, id=19872, stack(0x00000000172c0000,0x00000000173c0000)]
  0x0000000016354800 JavaThread "Service Thread" daemon [_thread_blocked, id=22384, stack(0x0000000016750000,0x0000000016850000)]
  0x00000000149de800 JavaThread "C1 CompilerThread2" daemon [_thread_blocked, id=8876, stack(0x0000000016250000,0x0000000016350000)]
=>0x00000000149db000 JavaThread "C2 CompilerThread1" daemon [_thread_in_native, id=19752, stack(0x0000000016150000,0x0000000016250000)]
  0x00000000149d4800 JavaThread "C2 CompilerThread0" daemon [_thread_in_native, id=10000, stack(0x0000000016050000,0x0000000016150000)]
  0x00000000149d3000 JavaThread "Attach Listener" daemon [_thread_blocked, id=8116, stack(0x0000000015f50000,0x0000000016050000)]
  0x00000000149d2000 JavaThread "Signal Dispatcher" daemon [_thread_blocked, id=21960, stack(0x0000000015e50000,0x0000000015f50000)]
  0x000000000235a800 JavaThread "Finalizer" daemon [_thread_blocked, id=19028, stack(0x0000000015c20000,0x0000000015d20000)]
  0x0000000002352000 JavaThread "Reference Handler" daemon [_thread_blocked, id=19512, stack(0x0000000015b20000,0x0000000015c20000)]

Other Threads:
  0x0000000014997800 VMThread [stack: 0x0000000015a20000,0x0000000015b20000] [id=3248]
  0x0000000016359000 WatcherThread [stack: 0x00000000169c0000,0x0000000016ac0000] [id=21204]

VM state:not at safepoint (normal execution)

VM Mutex/Monitor currently owned by a thread: None

heap address: 0x00000000c1c00000, size: 996 MB, Compressed Oops mode: 32-bit
Narrow klass base: 0x0000000000000000, Narrow klass shift: 3
Compressed class space size: 1073741824 Address: 0x0000000100000000

Heap:
 PSYoungGen      total 18944K, used 5528K [0x00000000eb400000, 0x00000000ec900000, 0x0000000100000000)
  eden space 16384K, 18% used [0x00000000eb400000,0x00000000eb6e7948,0x00000000ec400000)
  from space 2560K, 99% used [0x00000000ec400000,0x00000000ec67e990,0x00000000ec680000)
  to   space 2560K, 0% used [0x00000000ec680000,0x00000000ec680000,0x00000000ec900000)
 ParOldGen       total 44032K, used 2521K [0x00000000c1c00000, 0x00000000c4700000, 0x00000000eb400000)
  object space 44032K, 5% used [0x00000000c1c00000,0x00000000c1e76778,0x00000000c4700000)
 Metaspace       used 16860K, capacity 17142K, committed 17280K, reserved 1064960K
  class space    used 2041K, capacity 2127K, committed 2176K, reserved 1048576K

Card table byte_map: [0x00000000117c0000,0x00000000119c0000] byte_map_base: 0x00000000111b2000

Marking Bits: (ParMarkBitMap*) 0x0000000052545ce0
 Begin Bits: [0x0000000011f10000, 0x0000000012ea0000)
 End Bits:   [0x0000000012ea0000, 0x0000000013e30000)

Polling page: 0x0000000000950000

CodeCache: size=245760Kb used=3429Kb max_used=3429Kb free=242330Kb
 bounds [0x0000000002400000, 0x0000000002760000, 0x0000000011400000]
 total_blobs=1571 nmethods=974 adapters=508
 compilation: enabled

Compilation events (10 events):
Event: 4.727 Thread 0x00000000149de800 nmethod 969 0x000000000274b550 code [0x000000000274b720, 0x000000000274bfd8]
Event: 4.729 Thread 0x00000000149de800  971       3       java.util.zip.ZipEntry::<init> (43 bytes)
Event: 4.729 Thread 0x00000000149de800 nmethod 971 0x0000000002749c50 code [0x0000000002749da0, 0x0000000002749fb0]
Event: 4.729 Thread 0x00000000149de800  972       3       java.util.zip.ZipCoder::toString (190 bytes)
Event: 4.729 Thread 0x00000000149db000 nmethod 966 0x0000000002750210 code [0x0000000002750360, 0x0000000002750958]
Event: 4.729 Thread 0x00000000149db000  970   !   4       sun.misc.URLClassPath$JarLoader::getResource (85 bytes)
Event: 4.732 Thread 0x00000000149de800 nmethod 972 0x0000000002750c50 code [0x0000000002750fe0, 0x0000000002752f68]
Event: 4.732 Thread 0x00000000149de800  973       3       java.util.zip.ZipEntry::setExtra0 (360 bytes)
Event: 4.733 Thread 0x00000000149de800 nmethod 973 0x000000000274ec50 code [0x000000000274ef00, 0x000000000274fc08]
Event: 4.747 Thread 0x00000000149de800  975       3       java.util.Properties$LineReader::readLine (468 bytes)

GC Heap History (2 events):
Event: 4.671 GC heap before
{Heap before GC invocations=1 (full 0):
 PSYoungGen      total 18944K, used 16384K [0x00000000eb400000, 0x00000000ec900000, 0x0000000100000000)
  eden space 16384K, 100% used [0x00000000eb400000,0x00000000ec400000,0x00000000ec400000)
  from space 2560K, 0% used [0x00000000ec680000,0x00000000ec680000,0x00000000ec900000)
  to   space 2560K, 0% used [0x00000000ec400000,0x00000000ec400000,0x00000000ec680000)
 ParOldGen       total 44032K, used 0K [0x00000000c1c00000, 0x00000000c4700000, 0x00000000eb400000)
  object space 44032K, 0% used [0x00000000c1c00000,0x00000000c1c00000,0x00000000c4700000)
 Metaspace       used 16442K, capacity 16694K, committed 17024K, reserved 1064960K
  class space    used 1986K, capacity 2063K, committed 2176K, reserved 1048576K
Event: 4.682 GC heap after
Heap after GC invocations=1 (full 0):
 PSYoungGen      total 18944K, used 2554K [0x00000000eb400000, 0x00000000ec900000, 0x0000000100000000)
  eden space 16384K, 0% used [0x00000000eb400000,0x00000000eb400000,0x00000000ec400000)
  from space 2560K, 99% used [0x00000000ec400000,0x00000000ec67e990,0x00000000ec680000)
  to   space 2560K, 0% used [0x00000000ec680000,0x00000000ec680000,0x00000000ec900000)
 ParOldGen       total 44032K, used 2521K [0x00000000c1c00000, 0x00000000c4700000, 0x00000000eb400000)
  object space 44032K, 5% used [0x00000000c1c00000,0x00000000c1e76778,0x00000000c4700000)
 Metaspace       used 16442K, capacity 16694K, committed 17024K, reserved 1064960K
  class space    used 1986K, capacity 2063K, committed 2176K, reserved 1048576K
}

Deoptimization events (10 events):
Event: 0.915 Thread 0x0000000016ba7000 Uncommon trap: reason=class_check action=maybe_recompile pc=0x0000000002575f94 method=java.lang.String.equals(Ljava/lang/Object;)Z @ 8
Event: 0.924 Thread 0x0000000016ba7000 Uncommon trap: reason=class_check action=maybe_recompile pc=0x0000000002575f94 method=java.lang.String.equals(Ljava/lang/Object;)Z @ 8
Event: 0.924 Thread 0x0000000016ba7000 Uncommon trap: reason=class_check action=maybe_recompile pc=0x0000000002575f94 method=java.lang.String.equals(Ljava/lang/Object;)Z @ 8
Event: 0.928 Thread 0x0000000016ba7000 Uncommon trap: reason=class_check action=maybe_recompile pc=0x0000000002575f94 method=java.lang.String.equals(Ljava/lang/Object;)Z @ 8
Event: 0.974 Thread 0x0000000016ba7000 Uncommon trap: reason=unstable_if action=reinterpret pc=0x00000000025e5158 method=java.util.HashMap.putVal(ILjava/lang/Object;Ljava/lang/Object;ZZ)Ljava/lang/Object; @ 109
Event: 1.014 Thread 0x0000000016ba7000 Uncommon trap: reason=unstable_if action=reinterpret pc=0x00000000025e1f58 method=java.util.HashMap.putVal(ILjava/lang/Object;Ljava/lang/Object;ZZ)Ljava/lang/Object; @ 109
Event: 1.261 Thread 0x0000000016ba7000 Uncommon trap: reason=unstable_if action=reinterpret pc=0x0000000002669738 method=java.util.Properties$LineReader.readLine()I @ 252
Event: 1.261 Thread 0x0000000016ba7000 Uncommon trap: reason=unstable_if action=reinterpret pc=0x0000000002667114 method=java.util.Properties.loadConvert([CII[C)Ljava/lang/String; @ 4
Event: 1.298 Thread 0x0000000016ba7000 Uncommon trap: reason=unstable_if action=reinterpret pc=0x000000000269bcd4 method=java.util.Properties$LineReader.readLine()I @ 377
Event: 4.733 Thread 0x0000000016ba7000 Uncommon trap: reason=class_check action=maybe_recompile pc=0x000000000264ec00 method=javax.swing.plaf.nimbus.DerivedColor$UIResource.equals(Ljava/lang/Object;)Z @ 1

Classes redefined (0 events):
No events

Internal exceptions (10 events):
Event: 0.742 Thread 0x00000000023fe000 Exception <a 'java/lang/ClassNotFoundException': ToolBar> (0x00000000eb79c1e0) thrown at [C:\re\workspace\8-2-build-windows-amd64-cygwin\jdk8u202\12323\hotspot\src\share\vm\classfile\systemDictionary.cpp, line 210]
Event: 0.742 Thread 0x00000000023fe000 Exception <a 'java/lang/ClassNotFoundException': ToggleButton> (0x00000000eb79c790) thrown at [C:\re\workspace\8-2-build-windows-amd64-cygwin\jdk8u202\12323\hotspot\src\share\vm\classfile\systemDictionary.cpp, line 210]
Event: 0.742 Thread 0x00000000023fe000 Exception <a 'java/lang/ClassNotFoundException': javax/swing/JToolBarSeparator> (0x00000000eb79cbf0) thrown at [C:\re\workspace\8-2-build-windows-amd64-cygwin\jdk8u202\12323\hotspot\src\share\vm\classfile\systemDictionary.cpp, line 210]
Event: 0.742 Thread 0x00000000023fe000 Exception <a 'java/lang/ClassNotFoundException': ToolBarSeparator> (0x00000000eb79d088) thrown at [C:\re\workspace\8-2-build-windows-amd64-cygwin\jdk8u202\12323\hotspot\src\share\vm\classfile\systemDictionary.cpp, line 210]
Event: 0.743 Thread 0x00000000023fe000 Exception <a 'java/lang/ClassNotFoundException': ToolTip> (0x00000000eb79d7c8) thrown at [C:\re\workspace\8-2-build-windows-amd64-cygwin\jdk8u202\12323\hotspot\src\share\vm\classfile\systemDictionary.cpp, line 210]
Event: 0.744 Thread 0x00000000023fe000 Exception <a 'java/lang/ClassNotFoundException': Tree> (0x00000000eb79e3e8) thrown at [C:\re\workspace\8-2-build-windows-amd64-cygwin\jdk8u202\12323\hotspot\src\share\vm\classfile\systemDictionary.cpp, line 210]
Event: 0.744 Thread 0x00000000023fe000 Exception <a 'java/lang/ClassNotFoundException': Tree> (0x00000000eb79eb28) thrown at [C:\re\workspace\8-2-build-windows-amd64-cygwin\jdk8u202\12323\hotspot\src\share\vm\classfile\systemDictionary.cpp, line 210]
Event: 0.744 Thread 0x00000000023fe000 Exception <a 'java/lang/ClassNotFoundException': javax/swing/JTreeCell> (0x00000000eb79eea8) thrown at [C:\re\workspace\8-2-build-windows-amd64-cygwin\jdk8u202\12323\hotspot\src\share\vm\classfile\systemDictionary.cpp, line 210]
Event: 0.745 Thread 0x00000000023fe000 Exception <a 'java/lang/ClassNotFoundException': TreeCell> (0x00000000eb79f330) thrown at [C:\re\workspace\8-2-build-windows-amd64-cygwin\jdk8u202\12323\hotspot\src\share\vm\classfile\systemDictionary.cpp, line 210]
Event: 0.745 Thread 0x00000000023fe000 Exception <a 'java/lang/ClassNotFoundException': RootPane> (0x00000000eb79fd90) thrown at [C:\re\workspace\8-2-build-windows-amd64-cygwin\jdk8u202\12323\hotspot\src\share\vm\classfile\systemDictionary.cpp, line 210]

Events (10 events):
Event: 4.744 loading class java/io/FileWriter
Event: 4.744 loading class java/io/FileWriter done
Event: 4.744 loading class java/awt/geom/Line2D$Float
Event: 4.744 loading class java/awt/geom/Line2D$Float done
Event: 4.745 loading class java/awt/print/PrinterException
Event: 4.745 loading class java/awt/print/PrinterException done
Event: 4.747 loading class org/jfree/chart/LocalizationBundle
Event: 4.747 loading class org/jfree/chart/LocalizationBundle done
Event: 4.748 loading class org/jfree/chart/LocalizationBundle_fr
Event: 4.748 loading class org/jfree/chart/LocalizationBundle_fr done


Dynamic libraries:
0x00007ff708600000 - 0x00007ff708637000 	C:\Program Files\Java\jdk1.8.0_202\bin\java.exe
0x00007ff8879f0000 - 0x00007ff887be8000 	C:\WINDOWS\SYSTEM32\ntdll.dll
0x00007ff886550000 - 0x00007ff886612000 	C:\WINDOWS\System32\KERNEL32.DLL
0x00007ff8850c0000 - 0x00007ff8853bf000 	C:\WINDOWS\System32\KERNELBASE.dll
0x00007ff886620000 - 0x00007ff8866cf000 	C:\WINDOWS\System32\ADVAPI32.dll
0x00007ff886a30000 - 0x00007ff886ace000 	C:\WINDOWS\System32\msvcrt.dll
0x00007ff885d80000 - 0x00007ff885e1f000 	C:\WINDOWS\System32\sechost.dll
0x00007ff886e90000 - 0x00007ff886fb3000 	C:\WINDOWS\System32\RPCRT4.dll
0x00007ff885090000 - 0x00007ff8850b7000 	C:\WINDOWS\System32\bcrypt.dll
0x00007ff886350000 - 0x00007ff8864ed000 	C:\WINDOWS\System32\USER32.dll
0x00007ff8855e0000 - 0x00007ff885602000 	C:\WINDOWS\System32\win32u.dll
0x00007ff887980000 - 0x00007ff8879ab000 	C:\WINDOWS\System32\GDI32.dll
0x00007ff8853c0000 - 0x00007ff8854da000 	C:\WINDOWS\System32\gdi32full.dll
0x00007ff885610000 - 0x00007ff8856ad000 	C:\WINDOWS\System32\msvcp_win.dll
0x00007ff8854e0000 - 0x00007ff8855e0000 	C:\WINDOWS\System32\ucrtbase.dll
0x00007ff873dc0000 - 0x00007ff87405a000 	C:\WINDOWS\WinSxS\amd64_microsoft.windows.common-controls_6595b64144ccf1df_6.0.19041.4355_none_60b8b9eb71f62e16\COMCTL32.dll
0x00007ff886a00000 - 0x00007ff886a2f000 	C:\WINDOWS\System32\IMM32.DLL
0x0000000052fd0000 - 0x00000000530a2000 	C:\Program Files\Java\jdk1.8.0_202\jre\bin\msvcr100.dll
0x0000000051d20000 - 0x00000000525c5000 	C:\Program Files\Java\jdk1.8.0_202\jre\bin\server\jvm.dll
0x00007ff886870000 - 0x00007ff886878000 	C:\WINDOWS\System32\PSAPI.DLL
0x00007ff874be0000 - 0x00007ff874bea000 	C:\WINDOWS\SYSTEM32\VERSION.dll
0x00007ff882340000 - 0x00007ff882349000 	C:\WINDOWS\SYSTEM32\WSOCK32.dll
0x00007ff886800000 - 0x00007ff88686b000 	C:\WINDOWS\System32\WS2_32.dll
0x00007ff875b80000 - 0x00007ff875ba7000 	C:\WINDOWS\SYSTEM32\WINMM.dll
0x00007ff880810000 - 0x00007ff88081f000 	C:\Program Files\Java\jdk1.8.0_202\jre\bin\verify.dll
0x00007ff877760000 - 0x00007ff877789000 	C:\Program Files\Java\jdk1.8.0_202\jre\bin\java.dll
0x00007ff87f630000 - 0x00007ff87f646000 	C:\Program Files\Java\jdk1.8.0_202\jre\bin\zip.dll
0x00007ff8870f0000 - 0x00007ff88785d000 	C:\WINDOWS\System32\SHELL32.dll
0x00007ff883110000 - 0x00007ff8838b4000 	C:\WINDOWS\SYSTEM32\windows.storage.dll
0x00007ff886b30000 - 0x00007ff886e85000 	C:\WINDOWS\System32\combase.dll
0x00007ff884ac0000 - 0x00007ff884aeb000 	C:\WINDOWS\SYSTEM32\Wldp.dll
0x00007ff886930000 - 0x00007ff8869fd000 	C:\WINDOWS\System32\OLEAUT32.dll
0x00007ff8862a0000 - 0x00007ff88634d000 	C:\WINDOWS\System32\SHCORE.dll
0x00007ff8864f0000 - 0x00007ff886545000 	C:\WINDOWS\System32\shlwapi.dll
0x00007ff884fc0000 - 0x00007ff884fe5000 	C:\WINDOWS\SYSTEM32\profapi.dll
0x00007ff84a590000 - 0x00007ff84a729000 	C:\Program Files\Java\jdk1.8.0_202\jre\bin\awt.dll
0x00007ff881610000 - 0x00007ff8816a4000 	C:\WINDOWS\SYSTEM32\apphelp.dll
0x00007ff882980000 - 0x00007ff882a1e000 	C:\WINDOWS\system32\uxtheme.dll
0x00007ff887860000 - 0x00007ff887975000 	C:\WINDOWS\System32\MSCTF.dll
0x00007ff8866d0000 - 0x00007ff8867fb000 	C:\WINDOWS\System32\ole32.dll
0x00007ff882f10000 - 0x00007ff882f22000 	C:\WINDOWS\SYSTEM32\kernel.appcore.dll
0x00007ff885810000 - 0x00007ff885892000 	C:\WINDOWS\System32\bcryptPrimitives.dll
0x00007ff882c10000 - 0x00007ff882c3f000 	C:\WINDOWS\system32\DWMAPI.DLL
0x00007ff8565e0000 - 0x00007ff856627000 	C:\Program Files\Java\jdk1.8.0_202\jre\bin\fontmanager.dll
0x00007ff8607d0000 - 0x00007ff8608f8000 	C:\WINDOWS\system32\opengl32.dll
0x00007ff862710000 - 0x00007ff86273c000 	C:\WINDOWS\SYSTEM32\GLU32.dll
0x00007ff87f1a0000 - 0x00007ff87f1ba000 	C:\Program Files\Java\jdk1.8.0_202\jre\bin\net.dll
0x00007ff876ff0000 - 0x00007ff8771e1000 	C:\WINDOWS\SYSTEM32\urlmon.dll
0x00007ff876d00000 - 0x00007ff876fbf000 	C:\WINDOWS\SYSTEM32\iertutil.dll
0x00007ff876fc0000 - 0x00007ff876fe8000 	C:\WINDOWS\SYSTEM32\srvcli.dll
0x00007ff8844f0000 - 0x00007ff8844fc000 	C:\WINDOWS\SYSTEM32\netutils.dll
0x00007ff884820000 - 0x00007ff88488c000 	C:\WINDOWS\system32\mswsock.dll
0x00007ff876590000 - 0x00007ff8765a2000 	C:\Program Files\Java\jdk1.8.0_202\jre\bin\nio.dll
0x00007ff856500000 - 0x00007ff856542000 	C:\Program Files\Java\jdk1.8.0_202\jre\bin\t2k.dll
0x00007ff884500000 - 0x00007ff8845ca000 	C:\WINDOWS\SYSTEM32\DNSAPI.dll
0x00007ff8844b0000 - 0x00007ff8844eb000 	C:\WINDOWS\SYSTEM32\IPHLPAPI.DLL
0x00007ff886fc0000 - 0x00007ff886fc8000 	C:\WINDOWS\System32\NSI.dll
0x00007ff87d540000 - 0x00007ff87d54a000 	C:\Windows\System32\rasadhlp.dll
0x00007ff875bf0000 - 0x00007ff875c70000 	C:\WINDOWS\System32\fwpuclnt.dll
0x00007ff8767a0000 - 0x00007ff876899000 	C:\WINDOWS\SYSTEM32\textinputframework.dll
0x00007ff8808f0000 - 0x00007ff880c4b000 	C:\WINDOWS\System32\CoreUIComponents.dll
0x00007ff881020000 - 0x00007ff881112000 	C:\WINDOWS\System32\CoreMessaging.dll
0x00007ff881780000 - 0x00007ff8818d7000 	C:\WINDOWS\SYSTEM32\wintypes.dll
0x00007ff884320000 - 0x00007ff884353000 	C:\WINDOWS\SYSTEM32\ntmarta.dll
0x00007ff8764e0000 - 0x00007ff87650a000 	C:\Program Files\Java\jdk1.8.0_202\jre\bin\dcpr.dll

VM Arguments:
jvm_args: -Dfile.encoding=UTF-8 
java_command: gui.MDIApplication
java_class_path (initial): C:\Program Files\NetBeans 8.0.2\ide\modules\ext\mysql-connector-java-5.1.23-bin.jar;C:\Users\go\Desktop\jcalendar-1.4\lib\jcalendar-1.4.jar;C:\Program Files\NetBeans 8.0.2\java\modules\ext\AbsoluteLayout.jar;C:\Program Files\NetBeans 8.0.2\java\modules\ext\beansbinding-1.2.1.jar;C:\Users\go\Documents\java-mail-1.4.4.jar;C:\Users\go\Documents\jcommon-1.0.23.jar;C:\Users\go\Documents\jfreechart-1.0.19.jar;C:\Users\go\Documents\NetBeansProjects\ProjetsDeRecherche\build\classes
Launcher Type: SUN_STANDARD

Environment Variables:
JAVA_HOME=C:\Program Files\Java\jdk-21
PATH=C:\Program Files (x86)\Common Files\Oracle\Java\javapath;C:\Program Files\Java\jdk-21\bin;C:\Program Files\Common Files\Oracle\Java\javapath;C:\WINDOWS\system32;C:\WINDOWS;C:\WINDOWS\System32\Wbem;C:\WINDOWS\System32\WindowsPowerShell\v1.0\;C:\WINDOWS\System32\OpenSSH\;C:\MinGW\bin;C:\ProgramData\chocolatey\bin;C:\Program Files\nodejs\;C:\Program Files\Git\cmd;C:\xampp\php;C:\ProgramData\ComposerSetup\bin;C:\composer;C:\Users\go\AppData\Local\Programs\Python\Python313\Scripts\;C:\Users\go\AppData\Local\Programs\Python\Python313\;C:\Users\go\AppData\Local\Microsoft\WindowsApps;C:\Users\go\AppData\Local\Programs\Microsoft VS Code\bin;C:\Users\go\AppData\Roaming\npm;C:\Program Files\MySQL\MySQL Server X.X\bin;C:\Users\go\AppData\Local\GitHubDesktop\bin;C:\Users\go\AppData\Roaming\Composer\vendor\bin
USERNAME=FATI
OS=Windows_NT
PROCESSOR_IDENTIFIER=Intel64 Family 6 Model 142 Stepping 9, GenuineIntel



---------------  S Y S T E M  ---------------

OS: Windows 10.0 , 64 bit Build 19041 (10.0.19041.5438)

CPU:total 4 (initial active 4) (2 cores per cpu, 2 threads per core) family 6 model 142 stepping 9, cmov, cx8, fxsr, mmx, sse, sse2, sse3, ssse3, sse4.1, sse4.2, popcnt, avx, avx2, aes, clmul, erms, 3dnowpref, lzcnt, ht, tsc, tscinvbit, bmi1, bmi2, adx

Memory: 4k page, physical 4074916k(343504k free), swap 12495908k(648k free)

vm_info: Java HotSpot(TM) 64-Bit Server VM (25.202-b08) for windows-amd64 JRE (1.8.0_202-b08), built on Dec 15 2018 19:54:30 by "java_re" with MS VC++ 10.0 (VS2010)

time: Mon Mar 24 01:21:33 2025
timezone: Europe de l’Ouest
elapsed time: 4 seconds (0d 0h 0m 4s)

